<?xml version="1.0" encoding="UTF-8"?>
<testng-results skipped="0" failed="0" total="1" passed="1">
  <reporter-output>
  </reporter-output>
  <suite name="FirstTestSuite" duration-ms="450" started-at="2018-06-12T05:33:02Z" finished-at="2018-06-12T05:33:03Z">
    <groups>
      <group name="cucumber">
        <method signature="AbstractTestNGCucumberTests.feature(cucumber.api.testng.CucumberFeatureWrapper)[pri:0, instance:com.qantas.cucumberRunner.loginRunner@4f7d0008]" name="feature" class="cucumber.api.testng.AbstractTestNGCucumberTests"/>
      </group> <!-- cucumber -->
    </groups>
    <test name="LoginTest-ch" duration-ms="450" started-at="2018-06-12T05:33:02Z" finished-at="2018-06-12T05:33:03Z">
      <class name="com.qantas.cucumberRunner.loginRunner">
        <test-method status="PASS" signature="setUpClass()[pri:0, instance:com.qantas.cucumberRunner.loginRunner@4f7d0008]" name="setUpClass" is-config="true" duration-ms="320" started-at="2018-06-12T15:33:02Z" finished-at="2018-06-12T15:33:02Z">
          <reporter-output>
          </reporter-output>
        </test-method> <!-- setUpClass -->
        <test-method status="PASS" signature="feature(cucumber.api.testng.CucumberFeatureWrapper)[pri:0, instance:com.qantas.cucumberRunner.loginRunner@4f7d0008]" name="feature" duration-ms="18" started-at="2018-06-12T15:33:03Z" description="Runs Cucumber Feature" data-provider="features" finished-at="2018-06-12T15:33:03Z">
          <params>
            <param index="0">
              <value>
                <![CDATA[STME-1821 QBR Authenticated Dashboard Page]]>
              </value>
            </param>
          </params>
          <reporter-output>
          </reporter-output>
        </test-method> <!-- feature -->
        <test-method status="PASS" signature="tearDownClass()[pri:0, instance:com.qantas.cucumberRunner.loginRunner@4f7d0008]" name="tearDownClass" is-config="true" duration-ms="12" started-at="2018-06-12T15:33:03Z" finished-at="2018-06-12T15:33:03Z">
          <reporter-output>
          </reporter-output>
        </test-method> <!-- tearDownClass -->
      </class> <!-- com.qantas.cucumberRunner.loginRunner -->
    </test> <!-- LoginTest-ch -->
  </suite> <!-- FirstTestSuite -->
</testng-results>
